[2017-02-19 18:46:24.165] [INFO] cheese - IncomingMessage {
  _readableState: 
   ReadableState {
     objectMode: false,
     highWaterMark: 16384,
     buffer: BufferList { head: null, tail: null, length: 0 },
     length: 0,
     pipes: null,
     pipesCount: 0,
     flowing: null,
     ended: false,
     endEmitted: false,
     reading: false,
     sync: true,
     needReadable: false,
     emittedReadable: false,
     readableListening: false,
     resumeScheduled: false,
     defaultEncoding: 'utf8',
     ranOut: false,
     awaitDrain: 0,
     readingMore: true,
     decoder: null,
     encoding: null },
  readable: true,
  domain: null,
  _events: {},
  _eventsCount: 0,
  _maxListeners: undefined,
  socket: 
   Socket {
     connecting: false,
     _hadError: false,
     _handle: 
      TCP {
        bytesRead: 566,
        _externalStream: {},
        fd: -1,
        reading: true,
        owner: [Circular],
        onread: [Function: onread],
        onconnection: null,
        writeQueueSize: 0 },
     _parent: null,
     _host: null,
     _readableState: 
      ReadableState {
        objectMode: false,
        highWaterMark: 16384,
        buffer: [Object],
        length: 0,
        pipes: null,
        pipesCount: 0,
        flowing: true,
        ended: false,
        endEmitted: false,
        reading: true,
        sync: false,
        needReadable: true,
        emittedReadable: false,
        readableListening: false,
        resumeScheduled: false,
        defaultEncoding: 'utf8',
        ranOut: false,
        awaitDrain: 0,
        readingMore: false,
        decoder: null,
        encoding: null },
     readable: true,
     domain: null,
     _events: 
      { end: [Object],
        finish: [Function: onSocketFinish],
        _socketEnd: [Function: onSocketEnd],
        drain: [Object],
        timeout: [Function: bound socketOnTimeout],
        data: [Function: bound socketOnData],
        error: [Function: bound socketOnError],
        close: [Object],
        resume: [Function: onSocketResume],
        pause: [Function: onSocketPause] },
     _eventsCount: 10,
     _maxListeners: undefined,
     _writableState: 
      WritableState {
        objectMode: false,
        highWaterMark: 16384,
        needDrain: false,
        ending: false,
        ended: false,
        finished: false,
        decodeStrings: false,
        defaultEncoding: 'utf8',
        length: 0,
        writing: false,
        corked: 0,
        sync: true,
        bufferProcessing: false,
        onwrite: [Function: bound onwrite],
        writecb: null,
        writelen: 0,
        bufferedRequest: null,
        lastBufferedRequest: null,
        pendingcb: 0,
        prefinished: false,
        errorEmitted: false,
        bufferedRequestCount: 0,
        corkedRequestsFree: [Object] },
     writable: true,
     allowHalfOpen: true,
     destroyed: false,
     _bytesDispatched: 0,
     _sockname: null,
     _pendingData: null,
     _pendingEncoding: '',
     server: 
      Server {
        domain: null,
        _events: [Object],
        _eventsCount: 2,
        _maxListeners: undefined,
        _connections: 2,
        _handle: [Object],
        _usingSlaves: false,
        _slaves: [],
        _unref: false,
        allowHalfOpen: true,
        pauseOnConnect: false,
        httpAllowHalfOpen: false,
        timeout: 120000,
        _pendingResponseData: 0,
        _connectionKey: '6::::8080' },
     _server: 
      Server {
        domain: null,
        _events: [Object],
        _eventsCount: 2,
        _maxListeners: undefined,
        _connections: 2,
        _handle: [Object],
        _usingSlaves: false,
        _slaves: [],
        _unref: false,
        allowHalfOpen: true,
        pauseOnConnect: false,
        httpAllowHalfOpen: false,
        timeout: 120000,
        _pendingResponseData: 0,
        _connectionKey: '6::::8080' },
     _idleTimeout: 120000,
     _idleNext: 
      Socket {
        connecting: false,
        _hadError: false,
        _handle: [Object],
        _parent: null,
        _host: null,
        _readableState: [Object],
        readable: true,
        domain: null,
        _events: [Object],
        _eventsCount: 10,
        _maxListeners: undefined,
        _writableState: [Object],
        writable: true,
        allowHalfOpen: true,
        destroyed: false,
        _bytesDispatched: 4245776,
        _sockname: null,
        _pendingData: null,
        _pendingEncoding: '',
        server: [Object],
        _server: [Object],
        _idleTimeout: 120000,
        _idleNext: [Object],
        _idlePrev: [Circular],
        _idleStart: 12585,
        parser: [Object],
        on: [Function: socketOnWrap],
        _paused: false,
        read: [Function],
        _consuming: true,
        _httpMessage: [Object] },
     _idlePrev: 
      TimersList {
        _idleNext: [Circular],
        _idlePrev: [Object],
        _timer: [Object],
        _unrefed: true,
        msecs: 120000 },
     _idleStart: 14863,
     parser: 
      HTTPParser {
        '0': [Function: parserOnHeaders],
        '1': [Function: parserOnHeadersComplete],
        '2': [Function: parserOnBody],
        '3': [Function: parserOnMessageComplete],
        '4': [Function: bound onParserExecute],
        _headers: [],
        _url: '',
        _consumed: true,
        socket: [Circular],
        incoming: [Circular],
        outgoing: null,
        maxHeaderPairs: 2000,
        onIncoming: [Function: bound parserOnIncoming] },
     on: [Function: socketOnWrap],
     _paused: false,
     read: [Function],
     _consuming: true,
     _httpMessage: 
      ServerResponse {
        domain: null,
        _events: [Object],
        _eventsCount: 1,
        _maxListeners: undefined,
        output: [],
        outputEncodings: [],
        outputCallbacks: [],
        outputSize: 0,
        writable: true,
        _last: false,
        upgrading: false,
        chunkedEncoding: false,
        shouldKeepAlive: true,
        useChunkedEncodingByDefault: true,
        sendDate: true,
        _removedHeader: {},
        _contentLength: null,
        _hasBody: true,
        _trailer: '',
        finished: false,
        _headerSent: false,
        socket: [Circular],
        connection: [Circular],
        _header: null,
        _headers: [Object],
        _headerNames: [Object],
        _onPendingData: [Function: bound updateOutgoingData],
        _sent100: false,
        _expect_continue: false,
        req: [Circular],
        locals: {} } },
  connection: 
   Socket {
     connecting: false,
     _hadError: false,
     _handle: 
      TCP {
        bytesRead: 566,
        _externalStream: {},
        fd: -1,
        reading: true,
        owner: [Circular],
        onread: [Function: onread],
        onconnection: null,
        writeQueueSize: 0 },
     _parent: null,
     _host: null,
     _readableState: 
      ReadableState {
        objectMode: false,
        highWaterMark: 16384,
        buffer: [Object],
        length: 0,
        pipes: null,
        pipesCount: 0,
        flowing: true,
        ended: false,
        endEmitted: false,
        reading: true,
        sync: false,
        needReadable: true,
        emittedReadable: false,
        readableListening: false,
        resumeScheduled: false,
        defaultEncoding: 'utf8',
        ranOut: false,
        awaitDrain: 0,
        readingMore: false,
        decoder: null,
        encoding: null },
     readable: true,
     domain: null,
     _events: 
      { end: [Object],
        finish: [Function: onSocketFinish],
        _socketEnd: [Function: onSocketEnd],
        drain: [Object],
        timeout: [Function: bound socketOnTimeout],
        data: [Function: bound socketOnData],
        error: [Function: bound socketOnError],
        close: [Object],
        resume: [Function: onSocketResume],
        pause: [Function: onSocketPause] },
     _eventsCount: 10,
     _maxListeners: undefined,
     _writableState: 
      WritableState {
        objectMode: false,
        highWaterMark: 16384,
        needDrain: false,
        ending: false,
        ended: false,
        finished: false,
        decodeStrings: false,
        defaultEncoding: 'utf8',
        length: 0,
        writing: false,
        corked: 0,
        sync: true,
        bufferProcessing: false,
        onwrite: [Function: bound onwrite],
        writecb: null,
        writelen: 0,
        bufferedRequest: null,
        lastBufferedRequest: null,
        pendingcb: 0,
        prefinished: false,
        errorEmitted: false,
        bufferedRequestCount: 0,
        corkedRequestsFree: [Object] },
     writable: true,
     allowHalfOpen: true,
     destroyed: false,
     _bytesDispatched: 0,
     _sockname: null,
     _pendingData: null,
     _pendingEncoding: '',
     server: 
      Server {
        domain: null,
        _events: [Object],
        _eventsCount: 2,
        _maxListeners: undefined,
        _connections: 2,
        _handle: [Object],
        _usingSlaves: false,
        _slaves: [],
        _unref: false,
        allowHalfOpen: true,
        pauseOnConnect: false,
        httpAllowHalfOpen: false,
        timeout: 120000,
        _pendingResponseData: 0,
        _connectionKey: '6::::8080' },
     _server: 
      Server {
        domain: null,
        _events: [Object],
        _eventsCount: 2,
        _maxListeners: undefined,
        _connections: 2,
        _handle: [Object],
        _usingSlaves: false,
        _slaves: [],
        _unref: false,
        allowHalfOpen: true,
        pauseOnConnect: false,
        httpAllowHalfOpen: false,
        timeout: 120000,
        _pendingResponseData: 0,
        _connectionKey: '6::::8080' },
     _idleTimeout: 120000,
     _idleNext: 
      Socket {
        connecting: false,
        _hadError: false,
        _handle: [Object],
        _parent: null,
        _host: null,
        _readableState: [Object],
        readable: true,
        domain: null,
        _events: [Object],
        _eventsCount: 10,
        _maxListeners: undefined,
        _writableState: [Object],
        writable: true,
        allowHalfOpen: true,
        destroyed: false,
        _bytesDispatched: 4245776,
        _sockname: null,
        _pendingData: null,
        _pendingEncoding: '',
        server: [Object],
        _server: [Object],
        _idleTimeout: 120000,
        _idleNext: [Object],
        _idlePrev: [Circular],
        _idleStart: 12585,
        parser: [Object],
        on: [Function: socketOnWrap],
        _paused: false,
        read: [Function],
        _consuming: true,
        _httpMessage: [Object] },
     _idlePrev: 
      TimersList {
        _idleNext: [Circular],
        _idlePrev: [Object],
        _timer: [Object],
        _unrefed: true,
        msecs: 120000 },
     _idleStart: 14863,
     parser: 
      HTTPParser {
        '0': [Function: parserOnHeaders],
        '1': [Function: parserOnHeadersComplete],
        '2': [Function: parserOnBody],
        '3': [Function: parserOnMessageComplete],
        '4': [Function: bound onParserExecute],
        _headers: [],
        _url: '',
        _consumed: true,
        socket: [Circular],
        incoming: [Circular],
        outgoing: null,
        maxHeaderPairs: 2000,
        onIncoming: [Function: bound parserOnIncoming] },
     on: [Function: socketOnWrap],
     _paused: false,
     read: [Function],
     _consuming: true,
     _httpMessage: 
      ServerResponse {
        domain: null,
        _events: [Object],
        _eventsCount: 1,
        _maxListeners: undefined,
        output: [],
        outputEncodings: [],
        outputCallbacks: [],
        outputSize: 0,
        writable: true,
        _last: false,
        upgrading: false,
        chunkedEncoding: false,
        shouldKeepAlive: true,
        useChunkedEncodingByDefault: true,
        sendDate: true,
        _removedHeader: {},
        _contentLength: null,
        _hasBody: true,
        _trailer: '',
        finished: false,
        _headerSent: false,
        socket: [Circular],
        connection: [Circular],
        _header: null,
        _headers: [Object],
        _headerNames: [Object],
        _onPendingData: [Function: bound updateOutgoingData],
        _sent100: false,
        _expect_continue: false,
        req: [Circular],
        locals: {} } },
  httpVersionMajor: 1,
  httpVersionMinor: 1,
  httpVersion: '1.1',
  complete: false,
  headers: 
   { accept: 'application/json, text/plain, */*',
     'content-type': 'application/json;charset=utf-8',
     'x-requested-with': 'XMLHttpRequest',
     referer: 'http://localhost:8080/',
     'accept-language': 'zh-Hans-CN,zh-Hans;q=0.5',
     'accept-encoding': 'gzip, deflate',
     'user-agent': 'Mozilla/5.0 (Windows NT 10.0; Win64; x64) AppleWebKit/537.36 (KHTML, like Gecko) Chrome/51.0.2704.79 Safari/537.36 Edge/14.14393',
     host: 'localhost:8080',
     'content-length': '23',
     connection: 'Keep-Alive',
     'cache-control': 'no-cache',
     cookie: '_ga=GA1.1.241815665.1487032674' },
  rawHeaders: 
   [ 'Accept',
     'application/json, text/plain, */*',
     'Content-Type',
     'application/json;charset=utf-8',
     'X-Requested-With',
     'XMLHttpRequest',
     'Referer',
     'http://localhost:8080/',
     'Accept-Language',
     'zh-Hans-CN,zh-Hans;q=0.5',
     'Accept-Encoding',
     'gzip, deflate',
     'User-Agent',
     'Mozilla/5.0 (Windows NT 10.0; Win64; x64) AppleWebKit/537.36 (KHTML, like Gecko) Chrome/51.0.2704.79 Safari/537.36 Edge/14.14393',
     'Host',
     'localhost:8080',
     'Content-Length',
     '23',
     'Connection',
     'Keep-Alive',
     'Cache-Control',
     'no-cache',
     'Cookie',
     '_ga=GA1.1.241815665.1487032674' ],
  trailers: {},
  rawTrailers: [],
  upgrade: false,
  url: '/public/index.php/admin/user/lists',
  method: 'POST',
  statusCode: null,
  statusMessage: null,
  client: 
   Socket {
     connecting: false,
     _hadError: false,
     _handle: 
      TCP {
        bytesRead: 566,
        _externalStream: {},
        fd: -1,
        reading: true,
        owner: [Circular],
        onread: [Function: onread],
        onconnection: null,
        writeQueueSize: 0 },
     _parent: null,
     _host: null,
     _readableState: 
      ReadableState {
        objectMode: false,
        highWaterMark: 16384,
        buffer: [Object],
        length: 0,
        pipes: null,
        pipesCount: 0,
        flowing: true,
        ended: false,
        endEmitted: false,
        reading: true,
        sync: false,
        needReadable: true,
        emittedReadable: false,
        readableListening: false,
        resumeScheduled: false,
        defaultEncoding: 'utf8',
        ranOut: false,
        awaitDrain: 0,
        readingMore: false,
        decoder: null,
        encoding: null },
     readable: true,
     domain: null,
     _events: 
      { end: [Object],
        finish: [Function: onSocketFinish],
        _socketEnd: [Function: onSocketEnd],
        drain: [Object],
        timeout: [Function: bound socketOnTimeout],
        data: [Function: bound socketOnData],
        error: [Function: bound socketOnError],
        close: [Object],
        resume: [Function: onSocketResume],
        pause: [Function: onSocketPause] },
     _eventsCount: 10,
     _maxListeners: undefined,
     _writableState: 
      WritableState {
        objectMode: false,
        highWaterMark: 16384,
        needDrain: false,
        ending: false,
        ended: false,
        finished: false,
        decodeStrings: false,
        defaultEncoding: 'utf8',
        length: 0,
        writing: false,
        corked: 0,
        sync: true,
        bufferProcessing: false,
        onwrite: [Function: bound onwrite],
        writecb: null,
        writelen: 0,
        bufferedRequest: null,
        lastBufferedRequest: null,
        pendingcb: 0,
        prefinished: false,
        errorEmitted: false,
        bufferedRequestCount: 0,
        corkedRequestsFree: [Object] },
     writable: true,
     allowHalfOpen: true,
     destroyed: false,
     _bytesDispatched: 0,
     _sockname: null,
     _pendingData: null,
     _pendingEncoding: '',
     server: 
      Server {
        domain: null,
        _events: [Object],
        _eventsCount: 2,
        _maxListeners: undefined,
        _connections: 2,
        _handle: [Object],
        _usingSlaves: false,
        _slaves: [],
        _unref: false,
        allowHalfOpen: true,
        pauseOnConnect: false,
        httpAllowHalfOpen: false,
        timeout: 120000,
        _pendingResponseData: 0,
        _connectionKey: '6::::8080' },
     _server: 
      Server {
        domain: null,
        _events: [Object],
        _eventsCount: 2,
        _maxListeners: undefined,
        _connections: 2,
        _handle: [Object],
        _usingSlaves: false,
        _slaves: [],
        _unref: false,
        allowHalfOpen: true,
        pauseOnConnect: false,
        httpAllowHalfOpen: false,
        timeout: 120000,
        _pendingResponseData: 0,
        _connectionKey: '6::::8080' },
     _idleTimeout: 120000,
     _idleNext: 
      Socket {
        connecting: false,
        _hadError: false,
        _handle: [Object],
        _parent: null,
        _host: null,
        _readableState: [Object],
        readable: true,
        domain: null,
        _events: [Object],
        _eventsCount: 10,
        _maxListeners: undefined,
        _writableState: [Object],
        writable: true,
        allowHalfOpen: true,
        destroyed: false,
        _bytesDispatched: 4245776,
        _sockname: null,
        _pendingData: null,
        _pendingEncoding: '',
        server: [Object],
        _server: [Object],
        _idleTimeout: 120000,
        _idleNext: [Object],
        _idlePrev: [Circular],
        _idleStart: 12585,
        parser: [Object],
        on: [Function: socketOnWrap],
        _paused: false,
        read: [Function],
        _consuming: true,
        _httpMessage: [Object] },
     _idlePrev: 
      TimersList {
        _idleNext: [Circular],
        _idlePrev: [Object],
        _timer: [Object],
        _unrefed: true,
        msecs: 120000 },
     _idleStart: 14863,
     parser: 
      HTTPParser {
        '0': [Function: parserOnHeaders],
        '1': [Function: parserOnHeadersComplete],
        '2': [Function: parserOnBody],
        '3': [Function: parserOnMessageComplete],
        '4': [Function: bound onParserExecute],
        _headers: [],
        _url: '',
        _consumed: true,
        socket: [Circular],
        incoming: [Circular],
        outgoing: null,
        maxHeaderPairs: 2000,
        onIncoming: [Function: bound parserOnIncoming] },
     on: [Function: socketOnWrap],
     _paused: false,
     read: [Function],
     _consuming: true,
     _httpMessage: 
      ServerResponse {
        domain: null,
        _events: [Object],
        _eventsCount: 1,
        _maxListeners: undefined,
        output: [],
        outputEncodings: [],
        outputCallbacks: [],
        outputSize: 0,
        writable: true,
        _last: false,
        upgrading: false,
        chunkedEncoding: false,
        shouldKeepAlive: true,
        useChunkedEncodingByDefault: true,
        sendDate: true,
        _removedHeader: {},
        _contentLength: null,
        _hasBody: true,
        _trailer: '',
        finished: false,
        _headerSent: false,
        socket: [Circular],
        connection: [Circular],
        _header: null,
        _headers: [Object],
        _headerNames: [Object],
        _onPendingData: [Function: bound updateOutgoingData],
        _sent100: false,
        _expect_continue: false,
        req: [Circular],
        locals: {} } },
  _consuming: false,
  _dumped: false,
  next: [Function: next],
  baseUrl: '/wkjy_core',
  originalUrl: '/wkjy_core/public/index.php/admin/user/lists',
  _parsedUrl: 
   Url {
     protocol: null,
     slashes: null,
     auth: null,
     host: null,
     port: null,
     hostname: null,
     hash: null,
     search: null,
     query: null,
     pathname: '/wkjy_core/public/index.php/admin/user/lists',
     path: '/wkjy_core/public/index.php/admin/user/lists',
     href: '/wkjy_core/public/index.php/admin/user/lists',
     _raw: '/wkjy_core/public/index.php/admin/user/lists' },
  params: {},
  query: {},
  res: 
   ServerResponse {
     domain: null,
     _events: { finish: [Function: bound resOnFinish] },
     _eventsCount: 1,
     _maxListeners: undefined,
     output: [],
     outputEncodings: [],
     outputCallbacks: [],
     outputSize: 0,
     writable: true,
     _last: false,
     upgrading: false,
     chunkedEncoding: false,
     shouldKeepAlive: true,
     useChunkedEncodingByDefault: true,
     sendDate: true,
     _removedHeader: {},
     _contentLength: null,
     _hasBody: true,
     _trailer: '',
     finished: false,
     _headerSent: false,
     socket: 
      Socket {
        connecting: false,
        _hadError: false,
        _handle: [Object],
        _parent: null,
        _host: null,
        _readableState: [Object],
        readable: true,
        domain: null,
        _events: [Object],
        _eventsCount: 10,
        _maxListeners: undefined,
        _writableState: [Object],
        writable: true,
        allowHalfOpen: true,
        destroyed: false,
        _bytesDispatched: 0,
        _sockname: null,
        _pendingData: null,
        _pendingEncoding: '',
        server: [Object],
        _server: [Object],
        _idleTimeout: 120000,
        _idleNext: [Object],
        _idlePrev: [Object],
        _idleStart: 14863,
        parser: [Object],
        on: [Function: socketOnWrap],
        _paused: false,
        read: [Function],
        _consuming: true,
        _httpMessage: [Circular] },
     connection: 
      Socket {
        connecting: false,
        _hadError: false,
        _handle: [Object],
        _parent: null,
        _host: null,
        _readableState: [Object],
        readable: true,
        domain: null,
        _events: [Object],
        _eventsCount: 10,
        _maxListeners: undefined,
        _writableState: [Object],
        writable: true,
        allowHalfOpen: true,
        destroyed: false,
        _bytesDispatched: 0,
        _sockname: null,
        _pendingData: null,
        _pendingEncoding: '',
        server: [Object],
        _server: [Object],
        _idleTimeout: 120000,
        _idleNext: [Object],
        _idlePrev: [Object],
        _idleStart: 14863,
        parser: [Object],
        on: [Function: socketOnWrap],
        _paused: false,
        read: [Function],
        _consuming: true,
        _httpMessage: [Circular] },
     _header: null,
     _headers: { 'x-powered-by': 'Express' },
     _headerNames: { 'x-powered-by': 'X-Powered-By' },
     _onPendingData: [Function: bound updateOutgoingData],
     _sent100: false,
     _expect_continue: false,
     req: [Circular],
     locals: {} } }
[2017-02-19 18:47:36.754] [INFO] cheese - IncomingMessage {
  _readableState: 
   ReadableState {
     objectMode: false,
     highWaterMark: 16384,
     buffer: BufferList { head: null, tail: null, length: 0 },
     length: 0,
     pipes: null,
     pipesCount: 0,
     flowing: null,
     ended: false,
     endEmitted: false,
     reading: false,
     sync: true,
     needReadable: false,
     emittedReadable: false,
     readableListening: false,
     resumeScheduled: false,
     defaultEncoding: 'utf8',
     ranOut: false,
     awaitDrain: 0,
     readingMore: true,
     decoder: null,
     encoding: null },
  readable: true,
  domain: null,
  _events: {},
  _eventsCount: 0,
  _maxListeners: undefined,
  socket: 
   Socket {
     connecting: false,
     _hadError: false,
     _handle: 
      TCP {
        bytesRead: 566,
        _externalStream: {},
        fd: -1,
        reading: true,
        owner: [Circular],
        onread: [Function: onread],
        onconnection: null,
        writeQueueSize: 0 },
     _parent: null,
     _host: null,
     _readableState: 
      ReadableState {
        objectMode: false,
        highWaterMark: 16384,
        buffer: [Object],
        length: 0,
        pipes: null,
        pipesCount: 0,
        flowing: true,
        ended: false,
        endEmitted: false,
        reading: true,
        sync: false,
        needReadable: true,
        emittedReadable: false,
        readableListening: false,
        resumeScheduled: false,
        defaultEncoding: 'utf8',
        ranOut: false,
        awaitDrain: 0,
        readingMore: false,
        decoder: null,
        encoding: null },
     readable: true,
     domain: null,
     _events: 
      { end: [Object],
        finish: [Function: onSocketFinish],
        _socketEnd: [Function: onSocketEnd],
        drain: [Object],
        timeout: [Function: bound socketOnTimeout],
        data: [Function: bound socketOnData],
        error: [Function: bound socketOnError],
        close: [Object],
        resume: [Function: onSocketResume],
        pause: [Function: onSocketPause] },
     _eventsCount: 10,
     _maxListeners: undefined,
     _writableState: 
      WritableState {
        objectMode: false,
        highWaterMark: 16384,
        needDrain: false,
        ending: false,
        ended: false,
        finished: false,
        decodeStrings: false,
        defaultEncoding: 'utf8',
        length: 0,
        writing: false,
        corked: 0,
        sync: true,
        bufferProcessing: false,
        onwrite: [Function: bound onwrite],
        writecb: null,
        writelen: 0,
        bufferedRequest: null,
        lastBufferedRequest: null,
        pendingcb: 0,
        prefinished: false,
        errorEmitted: false,
        bufferedRequestCount: 0,
        corkedRequestsFree: [Object] },
     writable: true,
     allowHalfOpen: true,
     destroyed: false,
     _bytesDispatched: 0,
     _sockname: null,
     _pendingData: null,
     _pendingEncoding: '',
     server: 
      Server {
        domain: null,
        _events: [Object],
        _eventsCount: 2,
        _maxListeners: undefined,
        _connections: 2,
        _handle: [Object],
        _usingSlaves: false,
        _slaves: [],
        _unref: false,
        allowHalfOpen: true,
        pauseOnConnect: false,
        httpAllowHalfOpen: false,
        timeout: 120000,
        _pendingResponseData: 0,
        _connectionKey: '6::::8080' },
     _server: 
      Server {
        domain: null,
        _events: [Object],
        _eventsCount: 2,
        _maxListeners: undefined,
        _connections: 2,
        _handle: [Object],
        _usingSlaves: false,
        _slaves: [],
        _unref: false,
        allowHalfOpen: true,
        pauseOnConnect: false,
        httpAllowHalfOpen: false,
        timeout: 120000,
        _pendingResponseData: 0,
        _connectionKey: '6::::8080' },
     _idleTimeout: 120000,
     _idleNext: 
      Socket {
        connecting: false,
        _hadError: false,
        _handle: [Object],
        _parent: null,
        _host: null,
        _readableState: [Object],
        readable: true,
        domain: null,
        _events: [Object],
        _eventsCount: 10,
        _maxListeners: undefined,
        _writableState: [Object],
        writable: true,
        allowHalfOpen: true,
        destroyed: false,
        _bytesDispatched: 4245895,
        _sockname: null,
        _pendingData: null,
        _pendingEncoding: '',
        server: [Object],
        _server: [Object],
        _idleTimeout: 120000,
        _idleNext: [Object],
        _idlePrev: [Circular],
        _idleStart: 82591,
        parser: [Object],
        on: [Function: socketOnWrap],
        _paused: false,
        read: [Function],
        _consuming: true,
        _httpMessage: [Object] },
     _idlePrev: 
      TimersList {
        _idleNext: [Circular],
        _idlePrev: [Object],
        _timer: [Object],
        _unrefed: true,
        msecs: 120000 },
     _idleStart: 87452,
     parser: 
      HTTPParser {
        '0': [Function: parserOnHeaders],
        '1': [Function: parserOnHeadersComplete],
        '2': [Function: parserOnBody],
        '3': [Function: parserOnMessageComplete],
        '4': [Function: bound onParserExecute],
        _headers: [],
        _url: '',
        _consumed: true,
        socket: [Circular],
        incoming: [Circular],
        outgoing: null,
        maxHeaderPairs: 2000,
        onIncoming: [Function: bound parserOnIncoming] },
     on: [Function: socketOnWrap],
     _paused: false,
     read: [Function],
     _consuming: true,
     _httpMessage: 
      ServerResponse {
        domain: null,
        _events: [Object],
        _eventsCount: 1,
        _maxListeners: undefined,
        output: [],
        outputEncodings: [],
        outputCallbacks: [],
        outputSize: 0,
        writable: true,
        _last: false,
        upgrading: false,
        chunkedEncoding: false,
        shouldKeepAlive: true,
        useChunkedEncodingByDefault: true,
        sendDate: true,
        _removedHeader: {},
        _contentLength: null,
        _hasBody: true,
        _trailer: '',
        finished: false,
        _headerSent: false,
        socket: [Circular],
        connection: [Circular],
        _header: null,
        _headers: [Object],
        _headerNames: [Object],
        _onPendingData: [Function: bound updateOutgoingData],
        _sent100: false,
        _expect_continue: false,
        req: [Circular],
        locals: {} } },
  connection: 
   Socket {
     connecting: false,
     _hadError: false,
     _handle: 
      TCP {
        bytesRead: 566,
        _externalStream: {},
        fd: -1,
        reading: true,
        owner: [Circular],
        onread: [Function: onread],
        onconnection: null,
        writeQueueSize: 0 },
     _parent: null,
     _host: null,
     _readableState: 
      ReadableState {
        objectMode: false,
        highWaterMark: 16384,
        buffer: [Object],
        length: 0,
        pipes: null,
        pipesCount: 0,
        flowing: true,
        ended: false,
        endEmitted: false,
        reading: true,
        sync: false,
        needReadable: true,
        emittedReadable: false,
        readableListening: false,
        resumeScheduled: false,
        defaultEncoding: 'utf8',
        ranOut: false,
        awaitDrain: 0,
        readingMore: false,
        decoder: null,
        encoding: null },
     readable: true,
     domain: null,
     _events: 
      { end: [Object],
        finish: [Function: onSocketFinish],
        _socketEnd: [Function: onSocketEnd],
        drain: [Object],
        timeout: [Function: bound socketOnTimeout],
        data: [Function: bound socketOnData],
        error: [Function: bound socketOnError],
        close: [Object],
        resume: [Function: onSocketResume],
        pause: [Function: onSocketPause] },
     _eventsCount: 10,
     _maxListeners: undefined,
     _writableState: 
      WritableState {
        objectMode: false,
        highWaterMark: 16384,
        needDrain: false,
        ending: false,
        ended: false,
        finished: false,
        decodeStrings: false,
        defaultEncoding: 'utf8',
        length: 0,
        writing: false,
        corked: 0,
        sync: true,
        bufferProcessing: false,
        onwrite: [Function: bound onwrite],
        writecb: null,
        writelen: 0,
        bufferedRequest: null,
        lastBufferedRequest: null,
        pendingcb: 0,
        prefinished: false,
        errorEmitted: false,
        bufferedRequestCount: 0,
        corkedRequestsFree: [Object] },
     writable: true,
     allowHalfOpen: true,
     destroyed: false,
     _bytesDispatched: 0,
     _sockname: null,
     _pendingData: null,
     _pendingEncoding: '',
     server: 
      Server {
        domain: null,
        _events: [Object],
        _eventsCount: 2,
        _maxListeners: undefined,
        _connections: 2,
        _handle: [Object],
        _usingSlaves: false,
        _slaves: [],
        _unref: false,
        allowHalfOpen: true,
        pauseOnConnect: false,
        httpAllowHalfOpen: false,
        timeout: 120000,
        _pendingResponseData: 0,
        _connectionKey: '6::::8080' },
     _server: 
      Server {
        domain: null,
        _events: [Object],
        _eventsCount: 2,
        _maxListeners: undefined,
        _connections: 2,
        _handle: [Object],
        _usingSlaves: false,
        _slaves: [],
        _unref: false,
        allowHalfOpen: true,
        pauseOnConnect: false,
        httpAllowHalfOpen: false,
        timeout: 120000,
        _pendingResponseData: 0,
        _connectionKey: '6::::8080' },
     _idleTimeout: 120000,
     _idleNext: 
      Socket {
        connecting: false,
        _hadError: false,
        _handle: [Object],
        _parent: null,
        _host: null,
        _readableState: [Object],
        readable: true,
        domain: null,
        _events: [Object],
        _eventsCount: 10,
        _maxListeners: undefined,
        _writableState: [Object],
        writable: true,
        allowHalfOpen: true,
        destroyed: false,
        _bytesDispatched: 4245895,
        _sockname: null,
        _pendingData: null,
        _pendingEncoding: '',
        server: [Object],
        _server: [Object],
        _idleTimeout: 120000,
        _idleNext: [Object],
        _idlePrev: [Circular],
        _idleStart: 82591,
        parser: [Object],
        on: [Function: socketOnWrap],
        _paused: false,
        read: [Function],
        _consuming: true,
        _httpMessage: [Object] },
     _idlePrev: 
      TimersList {
        _idleNext: [Circular],
        _idlePrev: [Object],
        _timer: [Object],
        _unrefed: true,
        msecs: 120000 },
     _idleStart: 87452,
     parser: 
      HTTPParser {
        '0': [Function: parserOnHeaders],
        '1': [Function: parserOnHeadersComplete],
        '2': [Function: parserOnBody],
        '3': [Function: parserOnMessageComplete],
        '4': [Function: bound onParserExecute],
        _headers: [],
        _url: '',
        _consumed: true,
        socket: [Circular],
        incoming: [Circular],
        outgoing: null,
        maxHeaderPairs: 2000,
        onIncoming: [Function: bound parserOnIncoming] },
     on: [Function: socketOnWrap],
     _paused: false,
     read: [Function],
     _consuming: true,
     _httpMessage: 
      ServerResponse {
        domain: null,
        _events: [Object],
        _eventsCount: 1,
        _maxListeners: undefined,
        output: [],
        outputEncodings: [],
        outputCallbacks: [],
        outputSize: 0,
        writable: true,
        _last: false,
        upgrading: false,
        chunkedEncoding: false,
        shouldKeepAlive: true,
        useChunkedEncodingByDefault: true,
        sendDate: true,
        _removedHeader: {},
        _contentLength: null,
        _hasBody: true,
        _trailer: '',
        finished: false,
        _headerSent: false,
        socket: [Circular],
        connection: [Circular],
        _header: null,
        _headers: [Object],
        _headerNames: [Object],
        _onPendingData: [Function: bound updateOutgoingData],
        _sent100: false,
        _expect_continue: false,
        req: [Circular],
        locals: {} } },
  httpVersionMajor: 1,
  httpVersionMinor: 1,
  httpVersion: '1.1',
  complete: false,
  headers: 
   { accept: 'application/json, text/plain, */*',
     'content-type': 'application/json;charset=utf-8',
     'x-requested-with': 'XMLHttpRequest',
     referer: 'http://localhost:8080/',
     'accept-language': 'zh-Hans-CN,zh-Hans;q=0.5',
     'accept-encoding': 'gzip, deflate',
     'user-agent': 'Mozilla/5.0 (Windows NT 10.0; Win64; x64) AppleWebKit/537.36 (KHTML, like Gecko) Chrome/51.0.2704.79 Safari/537.36 Edge/14.14393',
     host: 'localhost:8080',
     'content-length': '23',
     connection: 'Keep-Alive',
     'cache-control': 'no-cache',
     cookie: '_ga=GA1.1.241815665.1487032674' },
  rawHeaders: 
   [ 'Accept',
     'application/json, text/plain, */*',
     'Content-Type',
     'application/json;charset=utf-8',
     'X-Requested-With',
     'XMLHttpRequest',
     'Referer',
     'http://localhost:8080/',
     'Accept-Language',
     'zh-Hans-CN,zh-Hans;q=0.5',
     'Accept-Encoding',
     'gzip, deflate',
     'User-Agent',
     'Mozilla/5.0 (Windows NT 10.0; Win64; x64) AppleWebKit/537.36 (KHTML, like Gecko) Chrome/51.0.2704.79 Safari/537.36 Edge/14.14393',
     'Host',
     'localhost:8080',
     'Content-Length',
     '23',
     'Connection',
     'Keep-Alive',
     'Cache-Control',
     'no-cache',
     'Cookie',
     '_ga=GA1.1.241815665.1487032674' ],
  trailers: {},
  rawTrailers: [],
  upgrade: false,
  url: '/public/index.php/admin/user/lists',
  method: 'POST',
  statusCode: null,
  statusMessage: null,
  client: 
   Socket {
     connecting: false,
     _hadError: false,
     _handle: 
      TCP {
        bytesRead: 566,
        _externalStream: {},
        fd: -1,
        reading: true,
        owner: [Circular],
        onread: [Function: onread],
        onconnection: null,
        writeQueueSize: 0 },
     _parent: null,
     _host: null,
     _readableState: 
      ReadableState {
        objectMode: false,
        highWaterMark: 16384,
        buffer: [Object],
        length: 0,
        pipes: null,
        pipesCount: 0,
        flowing: true,
        ended: false,
        endEmitted: false,
        reading: true,
        sync: false,
        needReadable: true,
        emittedReadable: false,
        readableListening: false,
        resumeScheduled: false,
        defaultEncoding: 'utf8',
        ranOut: false,
        awaitDrain: 0,
        readingMore: false,
        decoder: null,
        encoding: null },
     readable: true,
     domain: null,
     _events: 
      { end: [Object],
        finish: [Function: onSocketFinish],
        _socketEnd: [Function: onSocketEnd],
        drain: [Object],
        timeout: [Function: bound socketOnTimeout],
        data: [Function: bound socketOnData],
        error: [Function: bound socketOnError],
        close: [Object],
        resume: [Function: onSocketResume],
        pause: [Function: onSocketPause] },
     _eventsCount: 10,
     _maxListeners: undefined,
     _writableState: 
      WritableState {
        objectMode: false,
        highWaterMark: 16384,
        needDrain: false,
        ending: false,
        ended: false,
        finished: false,
        decodeStrings: false,
        defaultEncoding: 'utf8',
        length: 0,
        writing: false,
        corked: 0,
        sync: true,
        bufferProcessing: false,
        onwrite: [Function: bound onwrite],
        writecb: null,
        writelen: 0,
        bufferedRequest: null,
        lastBufferedRequest: null,
        pendingcb: 0,
        prefinished: false,
        errorEmitted: false,
        bufferedRequestCount: 0,
        corkedRequestsFree: [Object] },
     writable: true,
     allowHalfOpen: true,
     destroyed: false,
     _bytesDispatched: 0,
     _sockname: null,
     _pendingData: null,
     _pendingEncoding: '',
     server: 
      Server {
        domain: null,
        _events: [Object],
        _eventsCount: 2,
        _maxListeners: undefined,
        _connections: 2,
        _handle: [Object],
        _usingSlaves: false,
        _slaves: [],
        _unref: false,
        allowHalfOpen: true,
        pauseOnConnect: false,
        httpAllowHalfOpen: false,
        timeout: 120000,
        _pendingResponseData: 0,
        _connectionKey: '6::::8080' },
     _server: 
      Server {
        domain: null,
        _events: [Object],
        _eventsCount: 2,
        _maxListeners: undefined,
        _connections: 2,
        _handle: [Object],
        _usingSlaves: false,
        _slaves: [],
        _unref: false,
        allowHalfOpen: true,
        pauseOnConnect: false,
        httpAllowHalfOpen: false,
        timeout: 120000,
        _pendingResponseData: 0,
        _connectionKey: '6::::8080' },
     _idleTimeout: 120000,
     _idleNext: 
      Socket {
        connecting: false,
        _hadError: false,
        _handle: [Object],
        _parent: null,
        _host: null,
        _readableState: [Object],
        readable: true,
        domain: null,
        _events: [Object],
        _eventsCount: 10,
        _maxListeners: undefined,
        _writableState: [Object],
        writable: true,
        allowHalfOpen: true,
        destroyed: false,
        _bytesDispatched: 4245895,
        _sockname: null,
        _pendingData: null,
        _pendingEncoding: '',
        server: [Object],
        _server: [Object],
        _idleTimeout: 120000,
        _idleNext: [Object],
        _idlePrev: [Circular],
        _idleStart: 82591,
        parser: [Object],
        on: [Function: socketOnWrap],
        _paused: false,
        read: [Function],
        _consuming: true,
        _httpMessage: [Object] },
     _idlePrev: 
      TimersList {
        _idleNext: [Circular],
        _idlePrev: [Object],
        _timer: [Object],
        _unrefed: true,
        msecs: 120000 },
     _idleStart: 87452,
     parser: 
      HTTPParser {
        '0': [Function: parserOnHeaders],
        '1': [Function: parserOnHeadersComplete],
        '2': [Function: parserOnBody],
        '3': [Function: parserOnMessageComplete],
        '4': [Function: bound onParserExecute],
        _headers: [],
        _url: '',
        _consumed: true,
        socket: [Circular],
        incoming: [Circular],
        outgoing: null,
        maxHeaderPairs: 2000,
        onIncoming: [Function: bound parserOnIncoming] },
     on: [Function: socketOnWrap],
     _paused: false,
     read: [Function],
     _consuming: true,
     _httpMessage: 
      ServerResponse {
        domain: null,
        _events: [Object],
        _eventsCount: 1,
        _maxListeners: undefined,
        output: [],
        outputEncodings: [],
        outputCallbacks: [],
        outputSize: 0,
        writable: true,
        _last: false,
        upgrading: false,
        chunkedEncoding: false,
        shouldKeepAlive: true,
        useChunkedEncodingByDefault: true,
        sendDate: true,
        _removedHeader: {},
        _contentLength: null,
        _hasBody: true,
        _trailer: '',
        finished: false,
        _headerSent: false,
        socket: [Circular],
        connection: [Circular],
        _header: null,
        _headers: [Object],
        _headerNames: [Object],
        _onPendingData: [Function: bound updateOutgoingData],
        _sent100: false,
        _expect_continue: false,
        req: [Circular],
        locals: {} } },
  _consuming: false,
  _dumped: false,
  next: [Function: next],
  baseUrl: '/wkjy_core',
  originalUrl: '/wkjy_core/public/index.php/admin/user/lists',
  _parsedUrl: 
   Url {
     protocol: null,
     slashes: null,
     auth: null,
     host: null,
     port: null,
     hostname: null,
     hash: null,
     search: null,
     query: null,
     pathname: '/wkjy_core/public/index.php/admin/user/lists',
     path: '/wkjy_core/public/index.php/admin/user/lists',
     href: '/wkjy_core/public/index.php/admin/user/lists',
     _raw: '/wkjy_core/public/index.php/admin/user/lists' },
  params: {},
  query: {},
  res: 
   ServerResponse {
     domain: null,
     _events: { finish: [Function: bound resOnFinish] },
     _eventsCount: 1,
     _maxListeners: undefined,
     output: [],
     outputEncodings: [],
     outputCallbacks: [],
     outputSize: 0,
     writable: true,
     _last: false,
     upgrading: false,
     chunkedEncoding: false,
     shouldKeepAlive: true,
     useChunkedEncodingByDefault: true,
     sendDate: true,
     _removedHeader: {},
     _contentLength: null,
     _hasBody: true,
     _trailer: '',
     finished: false,
     _headerSent: false,
     socket: 
      Socket {
        connecting: false,
        _hadError: false,
        _handle: [Object],
        _parent: null,
        _host: null,
        _readableState: [Object],
        readable: true,
        domain: null,
        _events: [Object],
        _eventsCount: 10,
        _maxListeners: undefined,
        _writableState: [Object],
        writable: true,
        allowHalfOpen: true,
        destroyed: false,
        _bytesDispatched: 0,
        _sockname: null,
        _pendingData: null,
        _pendingEncoding: '',
        server: [Object],
        _server: [Object],
        _idleTimeout: 120000,
        _idleNext: [Object],
        _idlePrev: [Object],
        _idleStart: 87452,
        parser: [Object],
        on: [Function: socketOnWrap],
        _paused: false,
        read: [Function],
        _consuming: true,
        _httpMessage: [Circular] },
     connection: 
      Socket {
        connecting: false,
        _hadError: false,
        _handle: [Object],
        _parent: null,
        _host: null,
        _readableState: [Object],
        readable: true,
        domain: null,
        _events: [Object],
        _eventsCount: 10,
        _maxListeners: undefined,
        _writableState: [Object],
        writable: true,
        allowHalfOpen: true,
        destroyed: false,
        _bytesDispatched: 0,
        _sockname: null,
        _pendingData: null,
        _pendingEncoding: '',
        server: [Object],
        _server: [Object],
        _idleTimeout: 120000,
        _idleNext: [Object],
        _idlePrev: [Object],
        _idleStart: 87452,
        parser: [Object],
        on: [Function: socketOnWrap],
        _paused: false,
        read: [Function],
        _consuming: true,
        _httpMessage: [Circular] },
     _header: null,
     _headers: { 'x-powered-by': 'Express' },
     _headerNames: { 'x-powered-by': 'X-Powered-By' },
     _onPendingData: [Function: bound updateOutgoingData],
     _sent100: false,
     _expect_continue: false,
     req: [Circular],
     locals: {} } }
[2017-02-19 18:47:37.143] [INFO] cheese - IncomingMessage {
  _readableState: 
   ReadableState {
     objectMode: false,
     highWaterMark: 16384,
     buffer: BufferList { head: null, tail: null, length: 0 },
     length: 0,
     pipes: null,
     pipesCount: 0,
     flowing: null,
     ended: false,
     endEmitted: false,
     reading: false,
     sync: true,
     needReadable: false,
     emittedReadable: false,
     readableListening: false,
     resumeScheduled: false,
     defaultEncoding: 'utf8',
     ranOut: false,
     awaitDrain: 0,
     readingMore: true,
     decoder: null,
     encoding: null },
  readable: true,
  domain: null,
  _events: {},
  _eventsCount: 0,
  _maxListeners: undefined,
  socket: 
   Socket {
     connecting: false,
     _hadError: false,
     _handle: 
      TCP {
        bytesRead: 1155,
        _externalStream: {},
        fd: -1,
        reading: true,
        owner: [Circular],
        onread: [Function: onread],
        onconnection: null,
        writeQueueSize: 0 },
     _parent: null,
     _host: null,
     _readableState: 
      ReadableState {
        objectMode: false,
        highWaterMark: 16384,
        buffer: [Object],
        length: 0,
        pipes: null,
        pipesCount: 0,
        flowing: true,
        ended: false,
        endEmitted: false,
        reading: true,
        sync: false,
        needReadable: true,
        emittedReadable: false,
        readableListening: false,
        resumeScheduled: false,
        defaultEncoding: 'utf8',
        ranOut: false,
        awaitDrain: 0,
        readingMore: false,
        decoder: null,
        encoding: null },
     readable: true,
     domain: null,
     _events: 
      { end: [Object],
        finish: [Function: onSocketFinish],
        _socketEnd: [Function: onSocketEnd],
        drain: [Object],
        timeout: [Function: bound socketOnTimeout],
        data: [Function: bound socketOnData],
        error: [Function: bound socketOnError],
        close: [Object],
        resume: [Function: onSocketResume],
        pause: [Function: onSocketPause] },
     _eventsCount: 10,
     _maxListeners: undefined,
     _writableState: 
      WritableState {
        objectMode: false,
        highWaterMark: 16384,
        needDrain: false,
        ending: false,
        ended: false,
        finished: false,
        decodeStrings: false,
        defaultEncoding: 'utf8',
        length: 0,
        writing: false,
        corked: 0,
        sync: false,
        bufferProcessing: false,
        onwrite: [Function: bound onwrite],
        writecb: null,
        writelen: 0,
        bufferedRequest: null,
        lastBufferedRequest: null,
        pendingcb: 0,
        prefinished: false,
        errorEmitted: false,
        bufferedRequestCount: 0,
        corkedRequestsFree: [Object] },
     writable: true,
     allowHalfOpen: true,
     destroyed: false,
     _bytesDispatched: 122,
     _sockname: null,
     _pendingData: null,
     _pendingEncoding: '',
     server: 
      Server {
        domain: null,
        _events: [Object],
        _eventsCount: 2,
        _maxListeners: undefined,
        _connections: 2,
        _handle: [Object],
        _usingSlaves: false,
        _slaves: [],
        _unref: false,
        allowHalfOpen: true,
        pauseOnConnect: false,
        httpAllowHalfOpen: false,
        timeout: 120000,
        _pendingResponseData: 0,
        _connectionKey: '6::::8080' },
     _server: 
      Server {
        domain: null,
        _events: [Object],
        _eventsCount: 2,
        _maxListeners: undefined,
        _connections: 2,
        _handle: [Object],
        _usingSlaves: false,
        _slaves: [],
        _unref: false,
        allowHalfOpen: true,
        pauseOnConnect: false,
        httpAllowHalfOpen: false,
        timeout: 120000,
        _pendingResponseData: 0,
        _connectionKey: '6::::8080' },
     _idleTimeout: 120000,
     _idleNext: 
      Socket {
        connecting: false,
        _hadError: false,
        _handle: [Object],
        _parent: null,
        _host: null,
        _readableState: [Object],
        readable: true,
        domain: null,
        _events: [Object],
        _eventsCount: 10,
        _maxListeners: undefined,
        _writableState: [Object],
        writable: true,
        allowHalfOpen: true,
        destroyed: false,
        _bytesDispatched: 4245895,
        _sockname: null,
        _pendingData: null,
        _pendingEncoding: '',
        server: [Object],
        _server: [Object],
        _idleTimeout: 120000,
        _idleNext: [Object],
        _idlePrev: [Circular],
        _idleStart: 82591,
        parser: [Object],
        on: [Function: socketOnWrap],
        _paused: false,
        read: [Function],
        _consuming: true,
        _httpMessage: [Object] },
     _idlePrev: 
      TimersList {
        _idleNext: [Circular],
        _idlePrev: [Object],
        _timer: [Object],
        _unrefed: true,
        msecs: 120000 },
     _idleStart: 87820,
     parser: 
      HTTPParser {
        '0': [Function: parserOnHeaders],
        '1': [Function: parserOnHeadersComplete],
        '2': [Function: parserOnBody],
        '3': [Function: parserOnMessageComplete],
        '4': [Function: bound onParserExecute],
        _headers: [],
        _url: '',
        _consumed: true,
        socket: [Circular],
        incoming: [Circular],
        outgoing: null,
        maxHeaderPairs: 2000,
        onIncoming: [Function: bound parserOnIncoming] },
     on: [Function: socketOnWrap],
     _paused: false,
     read: [Function],
     _consuming: true,
     _httpMessage: 
      ServerResponse {
        domain: null,
        _events: [Object],
        _eventsCount: 1,
        _maxListeners: undefined,
        output: [],
        outputEncodings: [],
        outputCallbacks: [],
        outputSize: 0,
        writable: true,
        _last: false,
        upgrading: false,
        chunkedEncoding: false,
        shouldKeepAlive: true,
        useChunkedEncodingByDefault: true,
        sendDate: true,
        _removedHeader: {},
        _contentLength: null,
        _hasBody: true,
        _trailer: '',
        finished: false,
        _headerSent: false,
        socket: [Circular],
        connection: [Circular],
        _header: null,
        _headers: [Object],
        _headerNames: [Object],
        _onPendingData: [Function: bound updateOutgoingData],
        _sent100: false,
        _expect_continue: false,
        req: [Circular],
        locals: {} } },
  connection: 
   Socket {
     connecting: false,
     _hadError: false,
     _handle: 
      TCP {
        bytesRead: 1155,
        _externalStream: {},
        fd: -1,
        reading: true,
        owner: [Circular],
        onread: [Function: onread],
        onconnection: null,
        writeQueueSize: 0 },
     _parent: null,
     _host: null,
     _readableState: 
      ReadableState {
        objectMode: false,
        highWaterMark: 16384,
        buffer: [Object],
        length: 0,
        pipes: null,
        pipesCount: 0,
        flowing: true,
        ended: false,
        endEmitted: false,
        reading: true,
        sync: false,
        needReadable: true,
        emittedReadable: false,
        readableListening: false,
        resumeScheduled: false,
        defaultEncoding: 'utf8',
        ranOut: false,
        awaitDrain: 0,
        readingMore: false,
        decoder: null,
        encoding: null },
     readable: true,
     domain: null,
     _events: 
      { end: [Object],
        finish: [Function: onSocketFinish],
        _socketEnd: [Function: onSocketEnd],
        drain: [Object],
        timeout: [Function: bound socketOnTimeout],
        data: [Function: bound socketOnData],
        error: [Function: bound socketOnError],
        close: [Object],
        resume: [Function: onSocketResume],
        pause: [Function: onSocketPause] },
     _eventsCount: 10,
     _maxListeners: undefined,
     _writableState: 
      WritableState {
        objectMode: false,
        highWaterMark: 16384,
        needDrain: false,
        ending: false,
        ended: false,
        finished: false,
        decodeStrings: false,
        defaultEncoding: 'utf8',
        length: 0,
        writing: false,
        corked: 0,
        sync: false,
        bufferProcessing: false,
        onwrite: [Function: bound onwrite],
        writecb: null,
        writelen: 0,
        bufferedRequest: null,
        lastBufferedRequest: null,
        pendingcb: 0,
        prefinished: false,
        errorEmitted: false,
        bufferedRequestCount: 0,
        corkedRequestsFree: [Object] },
     writable: true,
     allowHalfOpen: true,
     destroyed: false,
     _bytesDispatched: 122,
     _sockname: null,
     _pendingData: null,
     _pendingEncoding: '',
     server: 
      Server {
        domain: null,
        _events: [Object],
        _eventsCount: 2,
        _maxListeners: undefined,
        _connections: 2,
        _handle: [Object],
        _usingSlaves: false,
        _slaves: [],
        _unref: false,
        allowHalfOpen: true,
        pauseOnConnect: false,
        httpAllowHalfOpen: false,
        timeout: 120000,
        _pendingResponseData: 0,
        _connectionKey: '6::::8080' },
     _server: 
      Server {
        domain: null,
        _events: [Object],
        _eventsCount: 2,
        _maxListeners: undefined,
        _connections: 2,
        _handle: [Object],
        _usingSlaves: false,
        _slaves: [],
        _unref: false,
        allowHalfOpen: true,
        pauseOnConnect: false,
        httpAllowHalfOpen: false,
        timeout: 120000,
        _pendingResponseData: 0,
        _connectionKey: '6::::8080' },
     _idleTimeout: 120000,
     _idleNext: 
      Socket {
        connecting: false,
        _hadError: false,
        _handle: [Object],
        _parent: null,
        _host: null,
        _readableState: [Object],
        readable: true,
        domain: null,
        _events: [Object],
        _eventsCount: 10,
        _maxListeners: undefined,
        _writableState: [Object],
        writable: true,
        allowHalfOpen: true,
        destroyed: false,
        _bytesDispatched: 4245895,
        _sockname: null,
        _pendingData: null,
        _pendingEncoding: '',
        server: [Object],
        _server: [Object],
        _idleTimeout: 120000,
        _idleNext: [Object],
        _idlePrev: [Circular],
        _idleStart: 82591,
        parser: [Object],
        on: [Function: socketOnWrap],
        _paused: false,
        read: [Function],
        _consuming: true,
        _httpMessage: [Object] },
     _idlePrev: 
      TimersList {
        _idleNext: [Circular],
        _idlePrev: [Object],
        _timer: [Object],
        _unrefed: true,
        msecs: 120000 },
     _idleStart: 87820,
     parser: 
      HTTPParser {
        '0': [Function: parserOnHeaders],
        '1': [Function: parserOnHeadersComplete],
        '2': [Function: parserOnBody],
        '3': [Function: parserOnMessageComplete],
        '4': [Function: bound onParserExecute],
        _headers: [],
        _url: '',
        _consumed: true,
        socket: [Circular],
        incoming: [Circular],
        outgoing: null,
        maxHeaderPairs: 2000,
        onIncoming: [Function: bound parserOnIncoming] },
     on: [Function: socketOnWrap],
     _paused: false,
     read: [Function],
     _consuming: true,
     _httpMessage: 
      ServerResponse {
        domain: null,
        _events: [Object],
        _eventsCount: 1,
        _maxListeners: undefined,
        output: [],
        outputEncodings: [],
        outputCallbacks: [],
        outputSize: 0,
        writable: true,
        _last: false,
        upgrading: false,
        chunkedEncoding: false,
        shouldKeepAlive: true,
        useChunkedEncodingByDefault: true,
        sendDate: true,
        _removedHeader: {},
        _contentLength: null,
        _hasBody: true,
        _trailer: '',
        finished: false,
        _headerSent: false,
        socket: [Circular],
        connection: [Circular],
        _header: null,
        _headers: [Object],
        _headerNames: [Object],
        _onPendingData: [Function: bound updateOutgoingData],
        _sent100: false,
        _expect_continue: false,
        req: [Circular],
        locals: {} } },
  httpVersionMajor: 1,
  httpVersionMinor: 1,
  httpVersion: '1.1',
  complete: false,
  headers: 
   { accept: 'application/json, text/plain, */*',
     'content-type': 'application/json;charset=utf-8',
     'x-requested-with': 'XMLHttpRequest',
     referer: 'http://localhost:8080/',
     'accept-language': 'zh-Hans-CN,zh-Hans;q=0.5',
     'accept-encoding': 'gzip, deflate',
     'user-agent': 'Mozilla/5.0 (Windows NT 10.0; Win64; x64) AppleWebKit/537.36 (KHTML, like Gecko) Chrome/51.0.2704.79 Safari/537.36 Edge/14.14393',
     host: 'localhost:8080',
     'content-length': '23',
     connection: 'Keep-Alive',
     'cache-control': 'no-cache',
     cookie: '_ga=GA1.1.241815665.1487032674' },
  rawHeaders: 
   [ 'Accept',
     'application/json, text/plain, */*',
     'Content-Type',
     'application/json;charset=utf-8',
     'X-Requested-With',
     'XMLHttpRequest',
     'Referer',
     'http://localhost:8080/',
     'Accept-Language',
     'zh-Hans-CN,zh-Hans;q=0.5',
     'Accept-Encoding',
     'gzip, deflate',
     'User-Agent',
     'Mozilla/5.0 (Windows NT 10.0; Win64; x64) AppleWebKit/537.36 (KHTML, like Gecko) Chrome/51.0.2704.79 Safari/537.36 Edge/14.14393',
     'Host',
     'localhost:8080',
     'Content-Length',
     '23',
     'Connection',
     'Keep-Alive',
     'Cache-Control',
     'no-cache',
     'Cookie',
     '_ga=GA1.1.241815665.1487032674' ],
  trailers: {},
  rawTrailers: [],
  upgrade: false,
  url: '/public/index.php/admin/user/lists',
  method: 'POST',
  statusCode: null,
  statusMessage: null,
  client: 
   Socket {
     connecting: false,
     _hadError: false,
     _handle: 
      TCP {
        bytesRead: 1155,
        _externalStream: {},
        fd: -1,
        reading: true,
        owner: [Circular],
        onread: [Function: onread],
        onconnection: null,
        writeQueueSize: 0 },
     _parent: null,
     _host: null,
     _readableState: 
      ReadableState {
        objectMode: false,
        highWaterMark: 16384,
        buffer: [Object],
        length: 0,
        pipes: null,
        pipesCount: 0,
        flowing: true,
        ended: false,
        endEmitted: false,
        reading: true,
        sync: false,
        needReadable: true,
        emittedReadable: false,
        readableListening: false,
        resumeScheduled: false,
        defaultEncoding: 'utf8',
        ranOut: false,
        awaitDrain: 0,
        readingMore: false,
        decoder: null,
        encoding: null },
     readable: true,
     domain: null,
     _events: 
      { end: [Object],
        finish: [Function: onSocketFinish],
        _socketEnd: [Function: onSocketEnd],
        drain: [Object],
        timeout: [Function: bound socketOnTimeout],
        data: [Function: bound socketOnData],
        error: [Function: bound socketOnError],
        close: [Object],
        resume: [Function: onSocketResume],
        pause: [Function: onSocketPause] },
     _eventsCount: 10,
     _maxListeners: undefined,
     _writableState: 
      WritableState {
        objectMode: false,
        highWaterMark: 16384,
        needDrain: false,
        ending: false,
        ended: false,
        finished: false,
        decodeStrings: false,
        defaultEncoding: 'utf8',
        length: 0,
        writing: false,
        corked: 0,
        sync: false,
        bufferProcessing: false,
        onwrite: [Function: bound onwrite],
        writecb: null,
        writelen: 0,
        bufferedRequest: null,
        lastBufferedRequest: null,
        pendingcb: 0,
        prefinished: false,
        errorEmitted: false,
        bufferedRequestCount: 0,
        corkedRequestsFree: [Object] },
     writable: true,
     allowHalfOpen: true,
     destroyed: false,
     _bytesDispatched: 122,
     _sockname: null,
     _pendingData: null,
     _pendingEncoding: '',
     server: 
      Server {
        domain: null,
        _events: [Object],
        _eventsCount: 2,
        _maxListeners: undefined,
        _connections: 2,
        _handle: [Object],
        _usingSlaves: false,
        _slaves: [],
        _unref: false,
        allowHalfOpen: true,
        pauseOnConnect: false,
        httpAllowHalfOpen: false,
        timeout: 120000,
        _pendingResponseData: 0,
        _connectionKey: '6::::8080' },
     _server: 
      Server {
        domain: null,
        _events: [Object],
        _eventsCount: 2,
        _maxListeners: undefined,
        _connections: 2,
        _handle: [Object],
        _usingSlaves: false,
        _slaves: [],
        _unref: false,
        allowHalfOpen: true,
        pauseOnConnect: false,
        httpAllowHalfOpen: false,
        timeout: 120000,
        _pendingResponseData: 0,
        _connectionKey: '6::::8080' },
     _idleTimeout: 120000,
     _idleNext: 
      Socket {
        connecting: false,
        _hadError: false,
        _handle: [Object],
        _parent: null,
        _host: null,
        _readableState: [Object],
        readable: true,
        domain: null,
        _events: [Object],
        _eventsCount: 10,
        _maxListeners: undefined,
        _writableState: [Object],
        writable: true,
        allowHalfOpen: true,
        destroyed: false,
        _bytesDispatched: 4245895,
        _sockname: null,
        _pendingData: null,
        _pendingEncoding: '',
        server: [Object],
        _server: [Object],
        _idleTimeout: 120000,
        _idleNext: [Object],
        _idlePrev: [Circular],
        _idleStart: 82591,
        parser: [Object],
        on: [Function: socketOnWrap],
        _paused: false,
        read: [Function],
        _consuming: true,
        _httpMessage: [Object] },
     _idlePrev: 
      TimersList {
        _idleNext: [Circular],
        _idlePrev: [Object],
        _timer: [Object],
        _unrefed: true,
        msecs: 120000 },
     _idleStart: 87820,
     parser: 
      HTTPParser {
        '0': [Function: parserOnHeaders],
        '1': [Function: parserOnHeadersComplete],
        '2': [Function: parserOnBody],
        '3': [Function: parserOnMessageComplete],
        '4': [Function: bound onParserExecute],
        _headers: [],
        _url: '',
        _consumed: true,
        socket: [Circular],
        incoming: [Circular],
        outgoing: null,
        maxHeaderPairs: 2000,
        onIncoming: [Function: bound parserOnIncoming] },
     on: [Function: socketOnWrap],
     _paused: false,
     read: [Function],
     _consuming: true,
     _httpMessage: 
      ServerResponse {
        domain: null,
        _events: [Object],
        _eventsCount: 1,
        _maxListeners: undefined,
        output: [],
        outputEncodings: [],
        outputCallbacks: [],
        outputSize: 0,
        writable: true,
        _last: false,
        upgrading: false,
        chunkedEncoding: false,
        shouldKeepAlive: true,
        useChunkedEncodingByDefault: true,
        sendDate: true,
        _removedHeader: {},
        _contentLength: null,
        _hasBody: true,
        _trailer: '',
        finished: false,
        _headerSent: false,
        socket: [Circular],
        connection: [Circular],
        _header: null,
        _headers: [Object],
        _headerNames: [Object],
        _onPendingData: [Function: bound updateOutgoingData],
        _sent100: false,
        _expect_continue: false,
        req: [Circular],
        locals: {} } },
  _consuming: false,
  _dumped: false,
  next: [Function: next],
  baseUrl: '/wkjy_core',
  originalUrl: '/wkjy_core/public/index.php/admin/user/lists',
  _parsedUrl: 
   Url {
     protocol: null,
     slashes: null,
     auth: null,
     host: null,
     port: null,
     hostname: null,
     hash: null,
     search: null,
     query: null,
     pathname: '/wkjy_core/public/index.php/admin/user/lists',
     path: '/wkjy_core/public/index.php/admin/user/lists',
     href: '/wkjy_core/public/index.php/admin/user/lists',
     _raw: '/wkjy_core/public/index.php/admin/user/lists' },
  params: {},
  query: {},
  res: 
   ServerResponse {
     domain: null,
     _events: { finish: [Function: bound resOnFinish] },
     _eventsCount: 1,
     _maxListeners: undefined,
     output: [],
     outputEncodings: [],
     outputCallbacks: [],
     outputSize: 0,
     writable: true,
     _last: false,
     upgrading: false,
     chunkedEncoding: false,
     shouldKeepAlive: true,
     useChunkedEncodingByDefault: true,
     sendDate: true,
     _removedHeader: {},
     _contentLength: null,
     _hasBody: true,
     _trailer: '',
     finished: false,
     _headerSent: false,
     socket: 
      Socket {
        connecting: false,
        _hadError: false,
        _handle: [Object],
        _parent: null,
        _host: null,
        _readableState: [Object],
        readable: true,
        domain: null,
        _events: [Object],
        _eventsCount: 10,
        _maxListeners: undefined,
        _writableState: [Object],
        writable: true,
        allowHalfOpen: true,
        destroyed: false,
        _bytesDispatched: 122,
        _sockname: null,
        _pendingData: null,
        _pendingEncoding: '',
        server: [Object],
        _server: [Object],
        _idleTimeout: 120000,
        _idleNext: [Object],
        _idlePrev: [Object],
        _idleStart: 87820,
        parser: [Object],
        on: [Function: socketOnWrap],
        _paused: false,
        read: [Function],
        _consuming: true,
        _httpMessage: [Circular] },
     connection: 
      Socket {
        connecting: false,
        _hadError: false,
        _handle: [Object],
        _parent: null,
        _host: null,
        _readableState: [Object],
        readable: true,
        domain: null,
        _events: [Object],
        _eventsCount: 10,
        _maxListeners: undefined,
        _writableState: [Object],
        writable: true,
        allowHalfOpen: true,
        destroyed: false,
        _bytesDispatched: 122,
        _sockname: null,
        _pendingData: null,
        _pendingEncoding: '',
        server: [Object],
        _server: [Object],
        _idleTimeout: 120000,
        _idleNext: [Object],
        _idlePrev: [Object],
        _idleStart: 87820,
        parser: [Object],
        on: [Function: socketOnWrap],
        _paused: false,
        read: [Function],
        _consuming: true,
        _httpMessage: [Circular] },
     _header: null,
     _headers: { 'x-powered-by': 'Express' },
     _headerNames: { 'x-powered-by': 'X-Powered-By' },
     _onPendingData: [Function: bound updateOutgoingData],
     _sent100: false,
     _expect_continue: false,
     req: [Circular],
     locals: {} } }
[2017-02-19 18:49:42.234] [INFO] cheese - IncomingMessage {
  _readableState: 
   ReadableState {
     objectMode: false,
     highWaterMark: 16384,
     buffer: BufferList { head: null, tail: null, length: 0 },
     length: 0,
     pipes: null,
     pipesCount: 0,
     flowing: null,
     ended: false,
     endEmitted: false,
     reading: false,
     sync: true,
     needReadable: false,
     emittedReadable: false,
     readableListening: false,
     resumeScheduled: false,
     defaultEncoding: 'utf8',
     ranOut: false,
     awaitDrain: 0,
     readingMore: true,
     decoder: null,
     encoding: null },
  readable: true,
  domain: null,
  _events: {},
  _eventsCount: 0,
  _maxListeners: undefined,
  socket: 
   Socket {
     connecting: false,
     _hadError: false,
     _handle: 
      TCP {
        bytesRead: 1405,
        _externalStream: {},
        fd: -1,
        reading: true,
        owner: [Circular],
        onread: [Function: onread],
        onconnection: null,
        writeQueueSize: 0 },
     _parent: null,
     _host: null,
     _readableState: 
      ReadableState {
        objectMode: false,
        highWaterMark: 16384,
        buffer: [Object],
        length: 0,
        pipes: null,
        pipesCount: 0,
        flowing: true,
        ended: false,
        endEmitted: false,
        reading: true,
        sync: false,
        needReadable: true,
        emittedReadable: false,
        readableListening: false,
        resumeScheduled: false,
        defaultEncoding: 'utf8',
        ranOut: false,
        awaitDrain: 0,
        readingMore: false,
        decoder: null,
        encoding: null },
     readable: true,
     domain: null,
     _events: 
      { end: [Object],
        finish: [Function: onSocketFinish],
        _socketEnd: [Function: onSocketEnd],
        drain: [Object],
        timeout: [Function: bound socketOnTimeout],
        data: [Function: bound socketOnData],
        error: [Function: bound socketOnError],
        close: [Object],
        resume: [Function: onSocketResume],
        pause: [Function: onSocketPause] },
     _eventsCount: 10,
     _maxListeners: undefined,
     _writableState: 
      WritableState {
        objectMode: false,
        highWaterMark: 16384,
        needDrain: false,
        ending: false,
        ended: false,
        finished: false,
        decodeStrings: false,
        defaultEncoding: 'utf8',
        length: 0,
        writing: false,
        corked: 0,
        sync: false,
        bufferProcessing: false,
        onwrite: [Function: bound onwrite],
        writecb: null,
        writelen: 0,
        bufferedRequest: null,
        lastBufferedRequest: null,
        pendingcb: 0,
        prefinished: false,
        errorEmitted: false,
        bufferedRequestCount: 0,
        corkedRequestsFree: [Object] },
     writable: true,
     allowHalfOpen: true,
     destroyed: false,
     _bytesDispatched: 4098,
     _sockname: null,
     _pendingData: null,
     _pendingEncoding: '',
     server: 
      Server {
        domain: null,
        _events: [Object],
        _eventsCount: 2,
        _maxListeners: undefined,
        _connections: 2,
        _handle: [Object],
        _usingSlaves: false,
        _slaves: [],
        _unref: false,
        allowHalfOpen: true,
        pauseOnConnect: false,
        httpAllowHalfOpen: false,
        timeout: 120000,
        _pendingResponseData: 0,
        _connectionKey: '6::::8080' },
     _server: 
      Server {
        domain: null,
        _events: [Object],
        _eventsCount: 2,
        _maxListeners: undefined,
        _connections: 2,
        _handle: [Object],
        _usingSlaves: false,
        _slaves: [],
        _unref: false,
        allowHalfOpen: true,
        pauseOnConnect: false,
        httpAllowHalfOpen: false,
        timeout: 120000,
        _pendingResponseData: 0,
        _connectionKey: '6::::8080' },
     _idleTimeout: 120000,
     _idleNext: 
      Socket {
        connecting: false,
        _hadError: false,
        _handle: [Object],
        _parent: null,
        _host: null,
        _readableState: [Object],
        readable: true,
        domain: null,
        _events: [Object],
        _eventsCount: 10,
        _maxListeners: undefined,
        _writableState: [Object],
        writable: true,
        allowHalfOpen: true,
        destroyed: false,
        _bytesDispatched: 4261112,
        _sockname: null,
        _pendingData: null,
        _pendingEncoding: '',
        server: [Object],
        _server: [Object],
        _idleTimeout: 120000,
        _idleNext: [Object],
        _idlePrev: [Circular],
        _idleStart: 212911,
        parser: [Object],
        on: [Function: socketOnWrap],
        _paused: false,
        read: [Function],
        _consuming: true,
        _httpMessage: [Object] },
     _idlePrev: 
      TimersList {
        _idleNext: [Circular],
        _idlePrev: [Object],
        _timer: [Object],
        _unrefed: true,
        msecs: 120000 },
     _idleStart: 212921,
     parser: 
      HTTPParser {
        '0': [Function: parserOnHeaders],
        '1': [Function: parserOnHeadersComplete],
        '2': [Function: parserOnBody],
        '3': [Function: parserOnMessageComplete],
        '4': [Function: bound onParserExecute],
        _headers: [],
        _url: '',
        _consumed: true,
        socket: [Circular],
        incoming: [Circular],
        outgoing: null,
        maxHeaderPairs: 2000,
        onIncoming: [Function: bound parserOnIncoming] },
     on: [Function: socketOnWrap],
     _paused: false,
     read: [Function],
     _consuming: true,
     _httpMessage: 
      ServerResponse {
        domain: null,
        _events: [Object],
        _eventsCount: 1,
        _maxListeners: undefined,
        output: [],
        outputEncodings: [],
        outputCallbacks: [],
        outputSize: 0,
        writable: true,
        _last: false,
        upgrading: false,
        chunkedEncoding: false,
        shouldKeepAlive: true,
        useChunkedEncodingByDefault: true,
        sendDate: true,
        _removedHeader: {},
        _contentLength: null,
        _hasBody: true,
        _trailer: '',
        finished: false,
        _headerSent: false,
        socket: [Circular],
        connection: [Circular],
        _header: null,
        _headers: [Object],
        _headerNames: [Object],
        _onPendingData: [Function: bound updateOutgoingData],
        _sent100: false,
        _expect_continue: false,
        req: [Circular],
        locals: {} } },
  connection: 
   Socket {
     connecting: false,
     _hadError: false,
     _handle: 
      TCP {
        bytesRead: 1405,
        _externalStream: {},
        fd: -1,
        reading: true,
        owner: [Circular],
        onread: [Function: onread],
        onconnection: null,
        writeQueueSize: 0 },
     _parent: null,
     _host: null,
     _readableState: 
      ReadableState {
        objectMode: false,
        highWaterMark: 16384,
        buffer: [Object],
        length: 0,
        pipes: null,
        pipesCount: 0,
        flowing: true,
        ended: false,
        endEmitted: false,
        reading: true,
        sync: false,
        needReadable: true,
        emittedReadable: false,
        readableListening: false,
        resumeScheduled: false,
        defaultEncoding: 'utf8',
        ranOut: false,
        awaitDrain: 0,
        readingMore: false,
        decoder: null,
        encoding: null },
     readable: true,
     domain: null,
     _events: 
      { end: [Object],
        finish: [Function: onSocketFinish],
        _socketEnd: [Function: onSocketEnd],
        drain: [Object],
        timeout: [Function: bound socketOnTimeout],
        data: [Function: bound socketOnData],
        error: [Function: bound socketOnError],
        close: [Object],
        resume: [Function: onSocketResume],
        pause: [Function: onSocketPause] },
     _eventsCount: 10,
     _maxListeners: undefined,
     _writableState: 
      WritableState {
        objectMode: false,
        highWaterMark: 16384,
        needDrain: false,
        ending: false,
        ended: false,
        finished: false,
        decodeStrings: false,
        defaultEncoding: 'utf8',
        length: 0,
        writing: false,
        corked: 0,
        sync: false,
        bufferProcessing: false,
        onwrite: [Function: bound onwrite],
        writecb: null,
        writelen: 0,
        bufferedRequest: null,
        lastBufferedRequest: null,
        pendingcb: 0,
        prefinished: false,
        errorEmitted: false,
        bufferedRequestCount: 0,
        corkedRequestsFree: [Object] },
     writable: true,
     allowHalfOpen: true,
     destroyed: false,
     _bytesDispatched: 4098,
     _sockname: null,
     _pendingData: null,
     _pendingEncoding: '',
     server: 
      Server {
        domain: null,
        _events: [Object],
        _eventsCount: 2,
        _maxListeners: undefined,
        _connections: 2,
        _handle: [Object],
        _usingSlaves: false,
        _slaves: [],
        _unref: false,
        allowHalfOpen: true,
        pauseOnConnect: false,
        httpAllowHalfOpen: false,
        timeout: 120000,
        _pendingResponseData: 0,
        _connectionKey: '6::::8080' },
     _server: 
      Server {
        domain: null,
        _events: [Object],
        _eventsCount: 2,
        _maxListeners: undefined,
        _connections: 2,
        _handle: [Object],
        _usingSlaves: false,
        _slaves: [],
        _unref: false,
        allowHalfOpen: true,
        pauseOnConnect: false,
        httpAllowHalfOpen: false,
        timeout: 120000,
        _pendingResponseData: 0,
        _connectionKey: '6::::8080' },
     _idleTimeout: 120000,
     _idleNext: 
      Socket {
        connecting: false,
        _hadError: false,
        _handle: [Object],
        _parent: null,
        _host: null,
        _readableState: [Object],
        readable: true,
        domain: null,
        _events: [Object],
        _eventsCount: 10,
        _maxListeners: undefined,
        _writableState: [Object],
        writable: true,
        allowHalfOpen: true,
        destroyed: false,
        _bytesDispatched: 4261112,
        _sockname: null,
        _pendingData: null,
        _pendingEncoding: '',
        server: [Object],
        _server: [Object],
        _idleTimeout: 120000,
        _idleNext: [Object],
        _idlePrev: [Circular],
        _idleStart: 212911,
        parser: [Object],
        on: [Function: socketOnWrap],
        _paused: false,
        read: [Function],
        _consuming: true,
        _httpMessage: [Object] },
     _idlePrev: 
      TimersList {
        _idleNext: [Circular],
        _idlePrev: [Object],
        _timer: [Object],
        _unrefed: true,
        msecs: 120000 },
     _idleStart: 212921,
     parser: 
      HTTPParser {
        '0': [Function: parserOnHeaders],
        '1': [Function: parserOnHeadersComplete],
        '2': [Function: parserOnBody],
        '3': [Function: parserOnMessageComplete],
        '4': [Function: bound onParserExecute],
        _headers: [],
        _url: '',
        _consumed: true,
        socket: [Circular],
        incoming: [Circular],
        outgoing: null,
        maxHeaderPairs: 2000,
        onIncoming: [Function: bound parserOnIncoming] },
     on: [Function: socketOnWrap],
     _paused: false,
     read: [Function],
     _consuming: true,
     _httpMessage: 
      ServerResponse {
        domain: null,
        _events: [Object],
        _eventsCount: 1,
        _maxListeners: undefined,
        output: [],
        outputEncodings: [],
        outputCallbacks: [],
        outputSize: 0,
        writable: true,
        _last: false,
        upgrading: false,
        chunkedEncoding: false,
        shouldKeepAlive: true,
        useChunkedEncodingByDefault: true,
        sendDate: true,
        _removedHeader: {},
        _contentLength: null,
        _hasBody: true,
        _trailer: '',
        finished: false,
        _headerSent: false,
        socket: [Circular],
        connection: [Circular],
        _header: null,
        _headers: [Object],
        _headerNames: [Object],
        _onPendingData: [Function: bound updateOutgoingData],
        _sent100: false,
        _expect_continue: false,
        req: [Circular],
        locals: {} } },
  httpVersionMajor: 1,
  httpVersionMinor: 1,
  httpVersion: '1.1',
  complete: false,
  headers: 
   { accept: 'application/json, text/plain, */*',
     'content-type': 'application/x-www-form-urlencoded',
     'x-requested-with': 'XMLHttpRequest',
     referer: 'http://localhost:8080/',
     'accept-language': 'zh-Hans-CN,zh-Hans;q=0.5',
     'accept-encoding': 'gzip, deflate',
     'user-agent': 'Mozilla/5.0 (Windows NT 10.0; Win64; x64) AppleWebKit/537.36 (KHTML, like Gecko) Chrome/51.0.2704.79 Safari/537.36 Edge/14.14393',
     host: 'localhost:8080',
     'content-length': '17',
     connection: 'Keep-Alive',
     'cache-control': 'no-cache',
     cookie: '_ga=GA1.1.241815665.1487032674' },
  rawHeaders: 
   [ 'Accept',
     'application/json, text/plain, */*',
     'Content-Type',
     'application/x-www-form-urlencoded',
     'X-Requested-With',
     'XMLHttpRequest',
     'Referer',
     'http://localhost:8080/',
     'Accept-Language',
     'zh-Hans-CN,zh-Hans;q=0.5',
     'Accept-Encoding',
     'gzip, deflate',
     'User-Agent',
     'Mozilla/5.0 (Windows NT 10.0; Win64; x64) AppleWebKit/537.36 (KHTML, like Gecko) Chrome/51.0.2704.79 Safari/537.36 Edge/14.14393',
     'Host',
     'localhost:8080',
     'Content-Length',
     '17',
     'Connection',
     'Keep-Alive',
     'Cache-Control',
     'no-cache',
     'Cookie',
     '_ga=GA1.1.241815665.1487032674' ],
  trailers: {},
  rawTrailers: [],
  upgrade: false,
  url: '/public/index.php/admin/user/lists',
  method: 'POST',
  statusCode: null,
  statusMessage: null,
  client: 
   Socket {
     connecting: false,
     _hadError: false,
     _handle: 
      TCP {
        bytesRead: 1405,
        _externalStream: {},
        fd: -1,
        reading: true,
        owner: [Circular],
        onread: [Function: onread],
        onconnection: null,
        writeQueueSize: 0 },
     _parent: null,
     _host: null,
     _readableState: 
      ReadableState {
        objectMode: false,
        highWaterMark: 16384,
        buffer: [Object],
        length: 0,
        pipes: null,
        pipesCount: 0,
        flowing: true,
        ended: false,
        endEmitted: false,
        reading: true,
        sync: false,
        needReadable: true,
        emittedReadable: false,
        readableListening: false,
        resumeScheduled: false,
        defaultEncoding: 'utf8',
        ranOut: false,
        awaitDrain: 0,
        readingMore: false,
        decoder: null,
        encoding: null },
     readable: true,
     domain: null,
     _events: 
      { end: [Object],
        finish: [Function: onSocketFinish],
        _socketEnd: [Function: onSocketEnd],
        drain: [Object],
        timeout: [Function: bound socketOnTimeout],
        data: [Function: bound socketOnData],
        error: [Function: bound socketOnError],
        close: [Object],
        resume: [Function: onSocketResume],
        pause: [Function: onSocketPause] },
     _eventsCount: 10,
     _maxListeners: undefined,
     _writableState: 
      WritableState {
        objectMode: false,
        highWaterMark: 16384,
        needDrain: false,
        ending: false,
        ended: false,
        finished: false,
        decodeStrings: false,
        defaultEncoding: 'utf8',
        length: 0,
        writing: false,
        corked: 0,
        sync: false,
        bufferProcessing: false,
        onwrite: [Function: bound onwrite],
        writecb: null,
        writelen: 0,
        bufferedRequest: null,
        lastBufferedRequest: null,
        pendingcb: 0,
        prefinished: false,
        errorEmitted: false,
        bufferedRequestCount: 0,
        corkedRequestsFree: [Object] },
     writable: true,
     allowHalfOpen: true,
     destroyed: false,
     _bytesDispatched: 4098,
     _sockname: null,
     _pendingData: null,
     _pendingEncoding: '',
     server: 
      Server {
        domain: null,
        _events: [Object],
        _eventsCount: 2,
        _maxListeners: undefined,
        _connections: 2,
        _handle: [Object],
        _usingSlaves: false,
        _slaves: [],
        _unref: false,
        allowHalfOpen: true,
        pauseOnConnect: false,
        httpAllowHalfOpen: false,
        timeout: 120000,
        _pendingResponseData: 0,
        _connectionKey: '6::::8080' },
     _server: 
      Server {
        domain: null,
        _events: [Object],
        _eventsCount: 2,
        _maxListeners: undefined,
        _connections: 2,
        _handle: [Object],
        _usingSlaves: false,
        _slaves: [],
        _unref: false,
        allowHalfOpen: true,
        pauseOnConnect: false,
        httpAllowHalfOpen: false,
        timeout: 120000,
        _pendingResponseData: 0,
        _connectionKey: '6::::8080' },
     _idleTimeout: 120000,
     _idleNext: 
      Socket {
        connecting: false,
        _hadError: false,
        _handle: [Object],
        _parent: null,
        _host: null,
        _readableState: [Object],
        readable: true,
        domain: null,
        _events: [Object],
        _eventsCount: 10,
        _maxListeners: undefined,
        _writableState: [Object],
        writable: true,
        allowHalfOpen: true,
        destroyed: false,
        _bytesDispatched: 4261112,
        _sockname: null,
        _pendingData: null,
        _pendingEncoding: '',
        server: [Object],
        _server: [Object],
        _idleTimeout: 120000,
        _idleNext: [Object],
        _idlePrev: [Circular],
        _idleStart: 212911,
        parser: [Object],
        on: [Function: socketOnWrap],
        _paused: false,
        read: [Function],
        _consuming: true,
        _httpMessage: [Object] },
     _idlePrev: 
      TimersList {
        _idleNext: [Circular],
        _idlePrev: [Object],
        _timer: [Object],
        _unrefed: true,
        msecs: 120000 },
     _idleStart: 212921,
     parser: 
      HTTPParser {
        '0': [Function: parserOnHeaders],
        '1': [Function: parserOnHeadersComplete],
        '2': [Function: parserOnBody],
        '3': [Function: parserOnMessageComplete],
        '4': [Function: bound onParserExecute],
        _headers: [],
        _url: '',
        _consumed: true,
        socket: [Circular],
        incoming: [Circular],
        outgoing: null,
        maxHeaderPairs: 2000,
        onIncoming: [Function: bound parserOnIncoming] },
     on: [Function: socketOnWrap],
     _paused: false,
     read: [Function],
     _consuming: true,
     _httpMessage: 
      ServerResponse {
        domain: null,
        _events: [Object],
        _eventsCount: 1,
        _maxListeners: undefined,
        output: [],
        outputEncodings: [],
        outputCallbacks: [],
        outputSize: 0,
        writable: true,
        _last: false,
        upgrading: false,
        chunkedEncoding: false,
        shouldKeepAlive: true,
        useChunkedEncodingByDefault: true,
        sendDate: true,
        _removedHeader: {},
        _contentLength: null,
        _hasBody: true,
        _trailer: '',
        finished: false,
        _headerSent: false,
        socket: [Circular],
        connection: [Circular],
        _header: null,
        _headers: [Object],
        _headerNames: [Object],
        _onPendingData: [Function: bound updateOutgoingData],
        _sent100: false,
        _expect_continue: false,
        req: [Circular],
        locals: {} } },
  _consuming: false,
  _dumped: false,
  next: [Function: next],
  baseUrl: '/wkjy_core',
  originalUrl: '/wkjy_core/public/index.php/admin/user/lists',
  _parsedUrl: 
   Url {
     protocol: null,
     slashes: null,
     auth: null,
     host: null,
     port: null,
     hostname: null,
     hash: null,
     search: null,
     query: null,
     pathname: '/wkjy_core/public/index.php/admin/user/lists',
     path: '/wkjy_core/public/index.php/admin/user/lists',
     href: '/wkjy_core/public/index.php/admin/user/lists',
     _raw: '/wkjy_core/public/index.php/admin/user/lists' },
  params: {},
  query: {},
  res: 
   ServerResponse {
     domain: null,
     _events: { finish: [Function: bound resOnFinish] },
     _eventsCount: 1,
     _maxListeners: undefined,
     output: [],
     outputEncodings: [],
     outputCallbacks: [],
     outputSize: 0,
     writable: true,
     _last: false,
     upgrading: false,
     chunkedEncoding: false,
     shouldKeepAlive: true,
     useChunkedEncodingByDefault: true,
     sendDate: true,
     _removedHeader: {},
     _contentLength: null,
     _hasBody: true,
     _trailer: '',
     finished: false,
     _headerSent: false,
     socket: 
      Socket {
        connecting: false,
        _hadError: false,
        _handle: [Object],
        _parent: null,
        _host: null,
        _readableState: [Object],
        readable: true,
        domain: null,
        _events: [Object],
        _eventsCount: 10,
        _maxListeners: undefined,
        _writableState: [Object],
        writable: true,
        allowHalfOpen: true,
        destroyed: false,
        _bytesDispatched: 4098,
        _sockname: null,
        _pendingData: null,
        _pendingEncoding: '',
        server: [Object],
        _server: [Object],
        _idleTimeout: 120000,
        _idleNext: [Object],
        _idlePrev: [Object],
        _idleStart: 212921,
        parser: [Object],
        on: [Function: socketOnWrap],
        _paused: false,
        read: [Function],
        _consuming: true,
        _httpMessage: [Circular] },
     connection: 
      Socket {
        connecting: false,
        _hadError: false,
        _handle: [Object],
        _parent: null,
        _host: null,
        _readableState: [Object],
        readable: true,
        domain: null,
        _events: [Object],
        _eventsCount: 10,
        _maxListeners: undefined,
        _writableState: [Object],
        writable: true,
        allowHalfOpen: true,
        destroyed: false,
        _bytesDispatched: 4098,
        _sockname: null,
        _pendingData: null,
        _pendingEncoding: '',
        server: [Object],
        _server: [Object],
        _idleTimeout: 120000,
        _idleNext: [Object],
        _idlePrev: [Object],
        _idleStart: 212921,
        parser: [Object],
        on: [Function: socketOnWrap],
        _paused: false,
        read: [Function],
        _consuming: true,
        _httpMessage: [Circular] },
     _header: null,
     _headers: { 'x-powered-by': 'Express' },
     _headerNames: { 'x-powered-by': 'X-Powered-By' },
     _onPendingData: [Function: bound updateOutgoingData],
     _sent100: false,
     _expect_continue: false,
     req: [Circular],
     locals: {} } }
