[2017-02-22 10:18:32.395] [ERROR] cheese - /wkjy_core/public/index.php/admin/course/detail
[2017-02-22 10:18:32.397] [ERROR] cheese - {"code":802,"msg":"缺少参数id","data":{},"time":1487729912}
[2017-02-22 10:38:08.925] [ERROR] cheese - /wkjy_core/public/index.php/admin/course/detail
[2017-02-22 10:38:08.926] [ERROR] cheese - {"code":802,"msg":"缺少参数id","data":{},"time":1487731088}
[2017-02-22 11:13:11.780] [ERROR] cheese - /wkjy_core/public/index.php/admin/comment/deleteComment
[2017-02-22 11:13:11.784] [ERROR] cheese - {"code":500,"msg":"服务器内部错误","data":{},"time":1487733191}
[2017-02-22 11:13:53.321] [ERROR] cheese - /wkjy_core/public/index.php/admin/comment/deleteComment
[2017-02-22 11:13:53.321] [ERROR] cheese - {"code":500,"msg":"服务器内部错误","data":{},"time":1487733233}
[2017-02-22 11:20:08.719] [ERROR] cheese - /wkjy_core/public/index.php/admin/comment/deleteComment
[2017-02-22 11:20:08.723] [ERROR] cheese - {"code":500,"msg":"服务器内部错误","data":{},"time":1487733608}
[2017-02-22 11:20:16.012] [ERROR] cheese - /wkjy_core/public/index.php/admin/comment/deleteComment
[2017-02-22 11:20:16.012] [ERROR] cheese - {"code":500,"msg":"服务器内部错误","data":{},"time":1487733615}
[2017-02-22 11:20:35.019] [ERROR] cheese - /wkjy_core/public/index.php/admin/comment/deleteComment
[2017-02-22 11:20:35.019] [ERROR] cheese - {"code":500,"msg":"服务器内部错误","data":{},"time":1487733634}
[2017-02-22 11:20:42.422] [ERROR] cheese - /wkjy_core/public/index.php/admin/comment/deleteComment
[2017-02-22 11:20:42.422] [ERROR] cheese - {"code":500,"msg":"服务器内部错误","data":{},"time":1487733642}
[2017-02-22 11:20:45.336] [ERROR] cheese - /wkjy_core/public/index.php/admin/comment/deleteComment
[2017-02-22 11:20:45.336] [ERROR] cheese - {"code":500,"msg":"服务器内部错误","data":{},"time":1487733645}
[2017-02-22 11:20:48.347] [ERROR] cheese - /wkjy_core/public/index.php/admin/comment/deleteComment
[2017-02-22 11:20:48.348] [ERROR] cheese - {"code":500,"msg":"服务器内部错误","data":{},"time":1487733648}
[2017-02-22 11:20:53.712] [ERROR] cheese - /wkjy_core/public/index.php/admin/comment/deleteComment
[2017-02-22 11:20:53.712] [ERROR] cheese - {"code":500,"msg":"服务器内部错误","data":{},"time":1487733653}
[2017-02-22 11:20:57.493] [ERROR] cheese - /wkjy_core/public/index.php/admin/comment/deleteComment
[2017-02-22 11:20:57.494] [ERROR] cheese - {"code":500,"msg":"服务器内部错误","data":{},"time":1487733657}
[2017-02-22 11:21:17.549] [ERROR] cheese - /wkjy_core/public/index.php/admin/comment/deleteComment
[2017-02-22 11:21:17.549] [ERROR] cheese - {"code":500,"msg":"服务器内部错误","data":{},"time":1487733677}
[2017-02-22 11:21:23.025] [ERROR] cheese - /wkjy_core/public/index.php/admin/comment/deleteComment
[2017-02-22 11:21:23.026] [ERROR] cheese - {"code":500,"msg":"服务器内部错误","data":{},"time":1487733682}
[2017-02-22 11:21:26.759] [ERROR] cheese - /wkjy_core/public/index.php/admin/comment/deleteComment
[2017-02-22 11:21:26.759] [ERROR] cheese - {"code":500,"msg":"服务器内部错误","data":{},"time":1487733686}
[2017-02-22 11:21:30.507] [ERROR] cheese - /wkjy_core/public/index.php/admin/comment/deleteComment
[2017-02-22 11:21:30.507] [ERROR] cheese - {"code":500,"msg":"服务器内部错误","data":{},"time":1487733690}
[2017-02-22 11:21:37.211] [ERROR] cheese - /wkjy_core/public/index.php/admin/comment/deleteComment
[2017-02-22 11:21:37.211] [ERROR] cheese - {"code":500,"msg":"服务器内部错误","data":{},"time":1487733696}
[2017-02-22 11:30:50.237] [ERROR] cheese - /wkjy_core/public/index.php/admin/comment/lessonDetail
[2017-02-22 11:30:50.237] [ERROR] cheese - {"code":500,"msg":"服务器内部错误","data":{},"time":1487734250}
[2017-02-22 16:44:28.751] [ERROR] cheese - /wkjy_core/public/index.php/admin/course/lists
[2017-02-22 16:44:28.753] [ERROR] cheese - { Error: connect ETIMEDOUT 210.37.0.8:10009
    at Object.exports._errnoException (util.js:1022:11)
    at exports._exceptionWithHostPort (util.js:1045:20)
    at TCPConnectWrap.afterConnect [as oncomplete] (net.js:1090:14)
  code: 'ETIMEDOUT',
  errno: 'ETIMEDOUT',
  syscall: 'connect',
  address: '210.37.0.8',
  port: 10009 }
[2017-02-22 16:50:44.220] [ERROR] cheese - /wkjy_core/public/index.php/admin/course/lists
[2017-02-22 16:50:44.220] [ERROR] cheese - { Error: connect ETIMEDOUT 210.37.0.8:10009
    at Object.exports._errnoException (util.js:1022:11)
    at exports._exceptionWithHostPort (util.js:1045:20)
    at TCPConnectWrap.afterConnect [as oncomplete] (net.js:1090:14)
  code: 'ETIMEDOUT',
  errno: 'ETIMEDOUT',
  syscall: 'connect',
  address: '210.37.0.8',
  port: 10009 }
[2017-02-22 17:17:45.458] [ERROR] cheese - /wkjy_core/public/index.php/admin/course/lists
[2017-02-22 17:17:45.460] [ERROR] cheese - { Error: connect ETIMEDOUT 210.37.0.8:10009
    at Object.exports._errnoException (util.js:1022:11)
    at exports._exceptionWithHostPort (util.js:1045:20)
    at TCPConnectWrap.afterConnect [as oncomplete] (net.js:1090:14)
  code: 'ETIMEDOUT',
  errno: 'ETIMEDOUT',
  syscall: 'connect',
  address: '210.37.0.8',
  port: 10009 }
[2017-02-22 17:17:54.566] [ERROR] cheese - /wkjy_core/public/index.php/admin/course/lists
[2017-02-22 17:17:54.566] [ERROR] cheese - { Error: connect ETIMEDOUT 210.37.0.8:10009
    at Object.exports._errnoException (util.js:1022:11)
    at exports._exceptionWithHostPort (util.js:1045:20)
    at TCPConnectWrap.afterConnect [as oncomplete] (net.js:1090:14)
  code: 'ETIMEDOUT',
  errno: 'ETIMEDOUT',
  syscall: 'connect',
  address: '210.37.0.8',
  port: 10009 }
[2017-02-22 17:25:46.253] [ERROR] cheese - /wkjy_core/public/index.php/admin/course/lists
[2017-02-22 17:25:46.254] [ERROR] cheese - { Error: connect ETIMEDOUT 210.37.0.8:10009
    at Object.exports._errnoException (util.js:1022:11)
    at exports._exceptionWithHostPort (util.js:1045:20)
    at TCPConnectWrap.afterConnect [as oncomplete] (net.js:1090:14)
  code: 'ETIMEDOUT',
  errno: 'ETIMEDOUT',
  syscall: 'connect',
  address: '210.37.0.8',
  port: 10009 }
[2017-02-22 17:25:46.259] [ERROR] cheese - /wkjy_core/public/index.php/admin/course/lists
[2017-02-22 17:25:46.259] [ERROR] cheese - { Error: connect ETIMEDOUT 210.37.0.8:10009
    at Object.exports._errnoException (util.js:1022:11)
    at exports._exceptionWithHostPort (util.js:1045:20)
    at TCPConnectWrap.afterConnect [as oncomplete] (net.js:1090:14)
  code: 'ETIMEDOUT',
  errno: 'ETIMEDOUT',
  syscall: 'connect',
  address: '210.37.0.8',
  port: 10009 }
[2017-02-22 17:33:58.620] [ERROR] cheese - /wkjy_core/public/index.php/admin/course/lists
[2017-02-22 17:33:58.621] [ERROR] cheese - { Error: connect ETIMEDOUT 210.37.0.8:10009
    at Object.exports._errnoException (util.js:1022:11)
    at exports._exceptionWithHostPort (util.js:1045:20)
    at TCPConnectWrap.afterConnect [as oncomplete] (net.js:1090:14)
  code: 'ETIMEDOUT',
  errno: 'ETIMEDOUT',
  syscall: 'connect',
  address: '210.37.0.8',
  port: 10009 }
[2017-02-22 17:34:13.612] [ERROR] cheese - /wkjy_core/public/index.php/admin/course/lists
[2017-02-22 17:34:13.612] [ERROR] cheese - { Error: connect ETIMEDOUT 210.37.0.8:10009
    at Object.exports._errnoException (util.js:1022:11)
    at exports._exceptionWithHostPort (util.js:1045:20)
    at TCPConnectWrap.afterConnect [as oncomplete] (net.js:1090:14)
  code: 'ETIMEDOUT',
  errno: 'ETIMEDOUT',
  syscall: 'connect',
  address: '210.37.0.8',
  port: 10009 }
[2017-02-22 17:34:23.810] [ERROR] cheese - /wkjy_core/public/index.php/admin/course/lists
[2017-02-22 17:34:23.810] [ERROR] cheese - { Error: connect ETIMEDOUT 210.37.0.8:10009
    at Object.exports._errnoException (util.js:1022:11)
    at exports._exceptionWithHostPort (util.js:1045:20)
    at TCPConnectWrap.afterConnect [as oncomplete] (net.js:1090:14)
  code: 'ETIMEDOUT',
  errno: 'ETIMEDOUT',
  syscall: 'connect',
  address: '210.37.0.8',
  port: 10009 }
